2022-05-24 11:43:21,135 - Log4JLogChute initialized using file 'velocity.log'
2022-05-24 11:43:21,136 - Initializing Velocity, Calling init()...
2022-05-24 11:43:21,136 - Starting Apache Velocity v1.7 (compiled: 2010-11-19 12:14:37)
2022-05-24 11:43:21,136 - Default Properties File: org\apache\velocity\runtime\defaults\velocity.properties
2022-05-24 11:43:21,136 - Trying to use logger class org.apache.velocity.runtime.log.AvalonLogChute
2022-05-24 11:43:21,136 - Target log system for org.apache.velocity.runtime.log.AvalonLogChute is not available (java.lang.NoClassDefFoundError: org/apache/log/format/Formatter).  Falling back to next log system...
2022-05-24 11:43:21,136 - Trying to use logger class org.apache.velocity.runtime.log.Log4JLogChute
2022-05-24 11:43:21,168 - Using logger class org.apache.velocity.runtime.log.Log4JLogChute
2022-05-24 11:43:21,169 - ResourceLoader instantiated: org.apache.velocity.runtime.resource.loader.ClasspathResourceLoader
2022-05-24 11:43:21,175 - ResourceCache: initialized (class org.apache.velocity.runtime.resource.ResourceCacheImpl) with class java.util.Collections$SynchronizedMap cache map.
2022-05-24 11:43:21,176 - Loaded System Directive: org.apache.velocity.runtime.directive.Stop
2022-05-24 11:43:21,177 - Loaded System Directive: org.apache.velocity.runtime.directive.Define
2022-05-24 11:43:21,177 - Loaded System Directive: org.apache.velocity.runtime.directive.Break
2022-05-24 11:43:21,177 - Loaded System Directive: org.apache.velocity.runtime.directive.Evaluate
2022-05-24 11:43:21,178 - Loaded System Directive: org.apache.velocity.runtime.directive.Literal
2022-05-24 11:43:21,178 - Loaded System Directive: org.apache.velocity.runtime.directive.Macro
2022-05-24 11:43:21,179 - Loaded System Directive: org.apache.velocity.runtime.directive.Parse
2022-05-24 11:43:21,180 - Loaded System Directive: org.apache.velocity.runtime.directive.Include
2022-05-24 11:43:21,180 - Loaded System Directive: org.apache.velocity.runtime.directive.Foreach
2022-05-24 11:43:21,195 - Created '20' parsers.
2022-05-24 11:43:21,198 - Velocimacro : "velocimacro.library" is not set.  Trying default library: VM_global_library.vm
2022-05-24 11:43:21,198 - Could not load resource 'VM_global_library.vm' from ResourceLoader org.apache.velocity.runtime.resource.loader.ClasspathResourceLoader: ClasspathResourceLoader Error: cannot find resource VM_global_library.vm
2022-05-24 11:43:21,198 - Velocimacro : Default library not found.
2022-05-24 11:43:21,198 - Velocimacro : allowInline = true : VMs can be defined inline in templates
2022-05-24 11:43:21,198 - Velocimacro : allowInlineToOverride = false : VMs defined inline may NOT replace previous VM definitions
2022-05-24 11:43:21,198 - Velocimacro : allowInlineLocal = false : VMs defined inline will be global in scope if allowed.
2022-05-24 11:43:21,198 - Velocimacro : autoload off : VM system will not automatically reload global library macros
2022-05-24 11:43:21,287 - ResourceManager : found /entity.java.vtl with loader org.apache.velocity.runtime.resource.loader.ClasspathResourceLoader
2022-05-24 11:43:21,290 - Left side ($field.flag) of '==' operation has null value. If it is a reference, it may not be in the context or its toString() returned null. /entity.java.vtl[line 32, column 19]
2022-05-24 11:43:21,290 - Left side ($field.flag) of '==' operation has null value. If it is a reference, it may not be in the context or its toString() returned null. /entity.java.vtl[line 34, column 23]
2022-05-24 11:43:21,292 - Log4JLogChute initialized using file 'velocity.log'
2022-05-24 11:43:21,292 - Log4JLogChute initialized using file 'velocity.log'
2022-05-24 11:43:21,292 - Initializing Velocity, Calling init()...
2022-05-24 11:43:21,292 - Initializing Velocity, Calling init()...
2022-05-24 11:43:21,292 - Starting Apache Velocity v1.7 (compiled: 2010-11-19 12:14:37)
2022-05-24 11:43:21,292 - Starting Apache Velocity v1.7 (compiled: 2010-11-19 12:14:37)
2022-05-24 11:43:21,292 - Default Properties File: org\apache\velocity\runtime\defaults\velocity.properties
2022-05-24 11:43:21,292 - Default Properties File: org\apache\velocity\runtime\defaults\velocity.properties
2022-05-24 11:43:21,292 - Trying to use logger class org.apache.velocity.runtime.log.AvalonLogChute
2022-05-24 11:43:21,292 - Trying to use logger class org.apache.velocity.runtime.log.AvalonLogChute
2022-05-24 11:43:21,293 - Target log system for org.apache.velocity.runtime.log.AvalonLogChute is not available (java.lang.NoClassDefFoundError: org/apache/log/format/Formatter).  Falling back to next log system...
2022-05-24 11:43:21,293 - Target log system for org.apache.velocity.runtime.log.AvalonLogChute is not available (java.lang.NoClassDefFoundError: org/apache/log/format/Formatter).  Falling back to next log system...
2022-05-24 11:43:21,293 - Trying to use logger class org.apache.velocity.runtime.log.Log4JLogChute
2022-05-24 11:43:21,293 - Trying to use logger class org.apache.velocity.runtime.log.Log4JLogChute
2022-05-24 11:43:21,293 - Using logger class org.apache.velocity.runtime.log.Log4JLogChute
2022-05-24 11:43:21,293 - Using logger class org.apache.velocity.runtime.log.Log4JLogChute
2022-05-24 11:43:21,293 - ResourceLoader instantiated: org.apache.velocity.runtime.resource.loader.ClasspathResourceLoader
2022-05-24 11:43:21,293 - ResourceLoader instantiated: org.apache.velocity.runtime.resource.loader.ClasspathResourceLoader
2022-05-24 11:43:21,293 - ResourceCache: initialized (class org.apache.velocity.runtime.resource.ResourceCacheImpl) with class java.util.Collections$SynchronizedMap cache map.
2022-05-24 11:43:21,293 - ResourceCache: initialized (class org.apache.velocity.runtime.resource.ResourceCacheImpl) with class java.util.Collections$SynchronizedMap cache map.
2022-05-24 11:43:21,293 - Loaded System Directive: org.apache.velocity.runtime.directive.Stop
2022-05-24 11:43:21,293 - Loaded System Directive: org.apache.velocity.runtime.directive.Stop
2022-05-24 11:43:21,293 - Loaded System Directive: org.apache.velocity.runtime.directive.Define
2022-05-24 11:43:21,293 - Loaded System Directive: org.apache.velocity.runtime.directive.Define
2022-05-24 11:43:21,293 - Loaded System Directive: org.apache.velocity.runtime.directive.Break
2022-05-24 11:43:21,293 - Loaded System Directive: org.apache.velocity.runtime.directive.Break
2022-05-24 11:43:21,293 - Loaded System Directive: org.apache.velocity.runtime.directive.Evaluate
2022-05-24 11:43:21,293 - Loaded System Directive: org.apache.velocity.runtime.directive.Evaluate
2022-05-24 11:43:21,293 - Loaded System Directive: org.apache.velocity.runtime.directive.Literal
2022-05-24 11:43:21,293 - Loaded System Directive: org.apache.velocity.runtime.directive.Literal
2022-05-24 11:43:21,293 - Loaded System Directive: org.apache.velocity.runtime.directive.Macro
2022-05-24 11:43:21,293 - Loaded System Directive: org.apache.velocity.runtime.directive.Macro
2022-05-24 11:43:21,293 - Loaded System Directive: org.apache.velocity.runtime.directive.Parse
2022-05-24 11:43:21,293 - Loaded System Directive: org.apache.velocity.runtime.directive.Parse
2022-05-24 11:43:21,293 - Loaded System Directive: org.apache.velocity.runtime.directive.Include
2022-05-24 11:43:21,293 - Loaded System Directive: org.apache.velocity.runtime.directive.Include
2022-05-24 11:43:21,294 - Loaded System Directive: org.apache.velocity.runtime.directive.Foreach
2022-05-24 11:43:21,294 - Loaded System Directive: org.apache.velocity.runtime.directive.Foreach
2022-05-24 11:43:21,295 - Created '20' parsers.
2022-05-24 11:43:21,295 - Created '20' parsers.
2022-05-24 11:43:21,295 - Velocimacro : "velocimacro.library" is not set.  Trying default library: VM_global_library.vm
2022-05-24 11:43:21,295 - Velocimacro : "velocimacro.library" is not set.  Trying default library: VM_global_library.vm
2022-05-24 11:43:21,295 - Could not load resource 'VM_global_library.vm' from ResourceLoader org.apache.velocity.runtime.resource.loader.ClasspathResourceLoader: ClasspathResourceLoader Error: cannot find resource VM_global_library.vm
2022-05-24 11:43:21,295 - Could not load resource 'VM_global_library.vm' from ResourceLoader org.apache.velocity.runtime.resource.loader.ClasspathResourceLoader: ClasspathResourceLoader Error: cannot find resource VM_global_library.vm
2022-05-24 11:43:21,295 - Velocimacro : Default library not found.
2022-05-24 11:43:21,295 - Velocimacro : Default library not found.
2022-05-24 11:43:21,295 - Velocimacro : allowInline = true : VMs can be defined inline in templates
2022-05-24 11:43:21,295 - Velocimacro : allowInline = true : VMs can be defined inline in templates
2022-05-24 11:43:21,295 - Velocimacro : allowInlineToOverride = false : VMs defined inline may NOT replace previous VM definitions
2022-05-24 11:43:21,295 - Velocimacro : allowInlineToOverride = false : VMs defined inline may NOT replace previous VM definitions
2022-05-24 11:43:21,295 - Velocimacro : allowInlineLocal = false : VMs defined inline will be global in scope if allowed.
2022-05-24 11:43:21,295 - Velocimacro : allowInlineLocal = false : VMs defined inline will be global in scope if allowed.
2022-05-24 11:43:21,295 - Velocimacro : autoload off : VM system will not automatically reload global library macros
2022-05-24 11:43:21,295 - Velocimacro : autoload off : VM system will not automatically reload global library macros
2022-05-24 11:43:21,327 - ResourceManager : found /service-implementation.java.vtl with loader org.apache.velocity.runtime.resource.loader.ClasspathResourceLoader
2022-05-24 11:43:21,327 - ResourceManager : found /service-implementation.java.vtl with loader org.apache.velocity.runtime.resource.loader.ClasspathResourceLoader
2022-05-24 11:53:30,808 - Log4JLogChute initialized using file 'velocity.log'
2022-05-24 11:53:30,808 - Initializing Velocity, Calling init()...
2022-05-24 11:53:30,808 - Starting Apache Velocity v1.7 (compiled: 2010-11-19 12:14:37)
2022-05-24 11:53:30,808 - Default Properties File: org\apache\velocity\runtime\defaults\velocity.properties
2022-05-24 11:53:30,808 - Trying to use logger class org.apache.velocity.runtime.log.AvalonLogChute
2022-05-24 11:53:30,808 - Target log system for org.apache.velocity.runtime.log.AvalonLogChute is not available (java.lang.NoClassDefFoundError: org/apache/log/format/Formatter).  Falling back to next log system...
2022-05-24 11:53:30,808 - Trying to use logger class org.apache.velocity.runtime.log.Log4JLogChute
2022-05-24 11:53:30,808 - Using logger class org.apache.velocity.runtime.log.Log4JLogChute
2022-05-24 11:53:30,809 - ResourceLoader instantiated: org.apache.velocity.runtime.resource.loader.ClasspathResourceLoader
2022-05-24 11:53:30,816 - ResourceCache: initialized (class org.apache.velocity.runtime.resource.ResourceCacheImpl) with class java.util.Collections$SynchronizedMap cache map.
2022-05-24 11:53:30,816 - Loaded System Directive: org.apache.velocity.runtime.directive.Stop
2022-05-24 11:53:30,817 - Loaded System Directive: org.apache.velocity.runtime.directive.Define
2022-05-24 11:53:30,817 - Loaded System Directive: org.apache.velocity.runtime.directive.Break
2022-05-24 11:53:30,817 - Loaded System Directive: org.apache.velocity.runtime.directive.Evaluate
2022-05-24 11:53:30,818 - Loaded System Directive: org.apache.velocity.runtime.directive.Literal
2022-05-24 11:53:30,818 - Loaded System Directive: org.apache.velocity.runtime.directive.Macro
2022-05-24 11:53:30,819 - Loaded System Directive: org.apache.velocity.runtime.directive.Parse
2022-05-24 11:53:30,820 - Loaded System Directive: org.apache.velocity.runtime.directive.Include
2022-05-24 11:53:30,820 - Loaded System Directive: org.apache.velocity.runtime.directive.Foreach
2022-05-24 11:53:30,834 - Created '20' parsers.
2022-05-24 11:53:30,836 - Velocimacro : "velocimacro.library" is not set.  Trying default library: VM_global_library.vm
2022-05-24 11:53:30,836 - Could not load resource 'VM_global_library.vm' from ResourceLoader org.apache.velocity.runtime.resource.loader.ClasspathResourceLoader: ClasspathResourceLoader Error: cannot find resource VM_global_library.vm
2022-05-24 11:53:30,836 - Velocimacro : Default library not found.
2022-05-24 11:53:30,836 - Velocimacro : allowInline = true : VMs can be defined inline in templates
2022-05-24 11:53:30,836 - Velocimacro : allowInlineToOverride = false : VMs defined inline may NOT replace previous VM definitions
2022-05-24 11:53:30,836 - Velocimacro : allowInlineLocal = false : VMs defined inline will be global in scope if allowed.
2022-05-24 11:53:30,837 - Velocimacro : autoload off : VM system will not automatically reload global library macros
2022-05-24 11:53:30,912 - ResourceManager : found /entity.java.vtl with loader org.apache.velocity.runtime.resource.loader.ClasspathResourceLoader
2022-05-24 11:53:30,915 - Left side ($field.flag) of '==' operation has null value. If it is a reference, it may not be in the context or its toString() returned null. /entity.java.vtl[line 32, column 19]
2022-05-24 11:53:30,915 - Left side ($field.flag) of '==' operation has null value. If it is a reference, it may not be in the context or its toString() returned null. /entity.java.vtl[line 34, column 23]
2022-05-24 11:53:30,918 - Log4JLogChute initialized using file 'velocity.log'
2022-05-24 11:53:30,918 - Log4JLogChute initialized using file 'velocity.log'
2022-05-24 11:53:30,918 - Initializing Velocity, Calling init()...
2022-05-24 11:53:30,918 - Initializing Velocity, Calling init()...
2022-05-24 11:53:30,918 - Starting Apache Velocity v1.7 (compiled: 2010-11-19 12:14:37)
2022-05-24 11:53:30,918 - Starting Apache Velocity v1.7 (compiled: 2010-11-19 12:14:37)
2022-05-24 11:53:30,918 - Default Properties File: org\apache\velocity\runtime\defaults\velocity.properties
2022-05-24 11:53:30,918 - Default Properties File: org\apache\velocity\runtime\defaults\velocity.properties
2022-05-24 11:53:30,918 - Trying to use logger class org.apache.velocity.runtime.log.AvalonLogChute
2022-05-24 11:53:30,918 - Trying to use logger class org.apache.velocity.runtime.log.AvalonLogChute
2022-05-24 11:53:30,918 - Target log system for org.apache.velocity.runtime.log.AvalonLogChute is not available (java.lang.NoClassDefFoundError: org/apache/log/format/Formatter).  Falling back to next log system...
2022-05-24 11:53:30,918 - Target log system for org.apache.velocity.runtime.log.AvalonLogChute is not available (java.lang.NoClassDefFoundError: org/apache/log/format/Formatter).  Falling back to next log system...
2022-05-24 11:53:30,918 - Trying to use logger class org.apache.velocity.runtime.log.Log4JLogChute
2022-05-24 11:53:30,918 - Trying to use logger class org.apache.velocity.runtime.log.Log4JLogChute
2022-05-24 11:53:30,918 - Using logger class org.apache.velocity.runtime.log.Log4JLogChute
2022-05-24 11:53:30,918 - Using logger class org.apache.velocity.runtime.log.Log4JLogChute
2022-05-24 11:53:30,918 - ResourceLoader instantiated: org.apache.velocity.runtime.resource.loader.ClasspathResourceLoader
2022-05-24 11:53:30,918 - ResourceLoader instantiated: org.apache.velocity.runtime.resource.loader.ClasspathResourceLoader
2022-05-24 11:53:30,918 - ResourceCache: initialized (class org.apache.velocity.runtime.resource.ResourceCacheImpl) with class java.util.Collections$SynchronizedMap cache map.
2022-05-24 11:53:30,918 - ResourceCache: initialized (class org.apache.velocity.runtime.resource.ResourceCacheImpl) with class java.util.Collections$SynchronizedMap cache map.
2022-05-24 11:53:30,919 - Loaded System Directive: org.apache.velocity.runtime.directive.Stop
2022-05-24 11:53:30,919 - Loaded System Directive: org.apache.velocity.runtime.directive.Stop
2022-05-24 11:53:30,919 - Loaded System Directive: org.apache.velocity.runtime.directive.Define
2022-05-24 11:53:30,919 - Loaded System Directive: org.apache.velocity.runtime.directive.Define
2022-05-24 11:53:30,919 - Loaded System Directive: org.apache.velocity.runtime.directive.Break
2022-05-24 11:53:30,919 - Loaded System Directive: org.apache.velocity.runtime.directive.Break
2022-05-24 11:53:30,919 - Loaded System Directive: org.apache.velocity.runtime.directive.Evaluate
2022-05-24 11:53:30,919 - Loaded System Directive: org.apache.velocity.runtime.directive.Evaluate
2022-05-24 11:53:30,919 - Loaded System Directive: org.apache.velocity.runtime.directive.Literal
2022-05-24 11:53:30,919 - Loaded System Directive: org.apache.velocity.runtime.directive.Literal
2022-05-24 11:53:30,919 - Loaded System Directive: org.apache.velocity.runtime.directive.Macro
2022-05-24 11:53:30,919 - Loaded System Directive: org.apache.velocity.runtime.directive.Macro
2022-05-24 11:53:30,919 - Loaded System Directive: org.apache.velocity.runtime.directive.Parse
2022-05-24 11:53:30,919 - Loaded System Directive: org.apache.velocity.runtime.directive.Parse
2022-05-24 11:53:30,919 - Loaded System Directive: org.apache.velocity.runtime.directive.Include
2022-05-24 11:53:30,919 - Loaded System Directive: org.apache.velocity.runtime.directive.Include
2022-05-24 11:53:30,919 - Loaded System Directive: org.apache.velocity.runtime.directive.Foreach
2022-05-24 11:53:30,919 - Loaded System Directive: org.apache.velocity.runtime.directive.Foreach
2022-05-24 11:53:30,920 - Created '20' parsers.
2022-05-24 11:53:30,920 - Created '20' parsers.
2022-05-24 11:53:30,920 - Velocimacro : "velocimacro.library" is not set.  Trying default library: VM_global_library.vm
2022-05-24 11:53:30,920 - Velocimacro : "velocimacro.library" is not set.  Trying default library: VM_global_library.vm
2022-05-24 11:53:30,920 - Could not load resource 'VM_global_library.vm' from ResourceLoader org.apache.velocity.runtime.resource.loader.ClasspathResourceLoader: ClasspathResourceLoader Error: cannot find resource VM_global_library.vm
2022-05-24 11:53:30,920 - Could not load resource 'VM_global_library.vm' from ResourceLoader org.apache.velocity.runtime.resource.loader.ClasspathResourceLoader: ClasspathResourceLoader Error: cannot find resource VM_global_library.vm
2022-05-24 11:53:30,920 - Velocimacro : Default library not found.
2022-05-24 11:53:30,920 - Velocimacro : Default library not found.
2022-05-24 11:53:30,920 - Velocimacro : allowInline = true : VMs can be defined inline in templates
2022-05-24 11:53:30,920 - Velocimacro : allowInline = true : VMs can be defined inline in templates
2022-05-24 11:53:30,920 - Velocimacro : allowInlineToOverride = false : VMs defined inline may NOT replace previous VM definitions
2022-05-24 11:53:30,920 - Velocimacro : allowInlineToOverride = false : VMs defined inline may NOT replace previous VM definitions
2022-05-24 11:53:30,920 - Velocimacro : allowInlineLocal = false : VMs defined inline will be global in scope if allowed.
2022-05-24 11:53:30,920 - Velocimacro : allowInlineLocal = false : VMs defined inline will be global in scope if allowed.
2022-05-24 11:53:30,920 - Velocimacro : autoload off : VM system will not automatically reload global library macros
2022-05-24 11:53:30,920 - Velocimacro : autoload off : VM system will not automatically reload global library macros
2022-05-24 11:53:30,939 - ResourceManager : found /service-implementation.java.vtl with loader org.apache.velocity.runtime.resource.loader.ClasspathResourceLoader
2022-05-24 11:53:30,939 - ResourceManager : found /service-implementation.java.vtl with loader org.apache.velocity.runtime.resource.loader.ClasspathResourceLoader
2022-05-24 14:01:52,118 - Log4JLogChute initialized using file 'velocity.log'
2022-05-24 14:01:52,118 - Initializing Velocity, Calling init()...
2022-05-24 14:01:52,118 - Starting Apache Velocity v1.7 (compiled: 2010-11-19 12:14:37)
2022-05-24 14:01:52,118 - Default Properties File: org\apache\velocity\runtime\defaults\velocity.properties
2022-05-24 14:01:52,118 - Trying to use logger class org.apache.velocity.runtime.log.AvalonLogChute
2022-05-24 14:01:52,118 - Target log system for org.apache.velocity.runtime.log.AvalonLogChute is not available (java.lang.NoClassDefFoundError: org/apache/log/format/Formatter).  Falling back to next log system...
2022-05-24 14:01:52,119 - Trying to use logger class org.apache.velocity.runtime.log.Log4JLogChute
2022-05-24 14:01:52,119 - Using logger class org.apache.velocity.runtime.log.Log4JLogChute
2022-05-24 14:01:52,120 - ResourceLoader instantiated: org.apache.velocity.runtime.resource.loader.ClasspathResourceLoader
2022-05-24 14:01:52,126 - ResourceCache: initialized (class org.apache.velocity.runtime.resource.ResourceCacheImpl) with class java.util.Collections$SynchronizedMap cache map.
2022-05-24 14:01:52,126 - Loaded System Directive: org.apache.velocity.runtime.directive.Stop
2022-05-24 14:01:52,127 - Loaded System Directive: org.apache.velocity.runtime.directive.Define
2022-05-24 14:01:52,127 - Loaded System Directive: org.apache.velocity.runtime.directive.Break
2022-05-24 14:01:52,128 - Loaded System Directive: org.apache.velocity.runtime.directive.Evaluate
2022-05-24 14:01:52,128 - Loaded System Directive: org.apache.velocity.runtime.directive.Literal
2022-05-24 14:01:52,128 - Loaded System Directive: org.apache.velocity.runtime.directive.Macro
2022-05-24 14:01:52,129 - Loaded System Directive: org.apache.velocity.runtime.directive.Parse
2022-05-24 14:01:52,130 - Loaded System Directive: org.apache.velocity.runtime.directive.Include
2022-05-24 14:01:52,130 - Loaded System Directive: org.apache.velocity.runtime.directive.Foreach
2022-05-24 14:01:52,144 - Created '20' parsers.
2022-05-24 14:01:52,147 - Velocimacro : "velocimacro.library" is not set.  Trying default library: VM_global_library.vm
2022-05-24 14:01:52,147 - Could not load resource 'VM_global_library.vm' from ResourceLoader org.apache.velocity.runtime.resource.loader.ClasspathResourceLoader: ClasspathResourceLoader Error: cannot find resource VM_global_library.vm
2022-05-24 14:01:52,147 - Velocimacro : Default library not found.
2022-05-24 14:01:52,147 - Velocimacro : allowInline = true : VMs can be defined inline in templates
2022-05-24 14:01:52,147 - Velocimacro : allowInlineToOverride = false : VMs defined inline may NOT replace previous VM definitions
2022-05-24 14:01:52,147 - Velocimacro : allowInlineLocal = false : VMs defined inline will be global in scope if allowed.
2022-05-24 14:01:52,147 - Velocimacro : autoload off : VM system will not automatically reload global library macros
2022-05-24 14:01:52,226 - ResourceManager : found /entity.java.vtl with loader org.apache.velocity.runtime.resource.loader.ClasspathResourceLoader
2022-05-24 14:01:52,230 - Left side ($field.flag) of '==' operation has null value. If it is a reference, it may not be in the context or its toString() returned null. /entity.java.vtl[line 32, column 19]
2022-05-24 14:01:52,230 - Left side ($field.flag) of '==' operation has null value. If it is a reference, it may not be in the context or its toString() returned null. /entity.java.vtl[line 34, column 23]
2022-05-24 14:01:52,232 - Log4JLogChute initialized using file 'velocity.log'
2022-05-24 14:01:52,232 - Log4JLogChute initialized using file 'velocity.log'
2022-05-24 14:01:52,232 - Initializing Velocity, Calling init()...
2022-05-24 14:01:52,232 - Initializing Velocity, Calling init()...
2022-05-24 14:01:52,232 - Starting Apache Velocity v1.7 (compiled: 2010-11-19 12:14:37)
2022-05-24 14:01:52,232 - Starting Apache Velocity v1.7 (compiled: 2010-11-19 12:14:37)
2022-05-24 14:01:52,232 - Default Properties File: org\apache\velocity\runtime\defaults\velocity.properties
2022-05-24 14:01:52,232 - Default Properties File: org\apache\velocity\runtime\defaults\velocity.properties
2022-05-24 14:01:52,232 - Trying to use logger class org.apache.velocity.runtime.log.AvalonLogChute
2022-05-24 14:01:52,232 - Trying to use logger class org.apache.velocity.runtime.log.AvalonLogChute
2022-05-24 14:01:52,232 - Target log system for org.apache.velocity.runtime.log.AvalonLogChute is not available (java.lang.NoClassDefFoundError: org/apache/log/format/Formatter).  Falling back to next log system...
2022-05-24 14:01:52,232 - Target log system for org.apache.velocity.runtime.log.AvalonLogChute is not available (java.lang.NoClassDefFoundError: org/apache/log/format/Formatter).  Falling back to next log system...
2022-05-24 14:01:52,232 - Trying to use logger class org.apache.velocity.runtime.log.Log4JLogChute
2022-05-24 14:01:52,232 - Trying to use logger class org.apache.velocity.runtime.log.Log4JLogChute
2022-05-24 14:01:52,232 - Using logger class org.apache.velocity.runtime.log.Log4JLogChute
2022-05-24 14:01:52,232 - Using logger class org.apache.velocity.runtime.log.Log4JLogChute
2022-05-24 14:01:52,232 - ResourceLoader instantiated: org.apache.velocity.runtime.resource.loader.ClasspathResourceLoader
2022-05-24 14:01:52,232 - ResourceLoader instantiated: org.apache.velocity.runtime.resource.loader.ClasspathResourceLoader
2022-05-24 14:01:52,232 - ResourceCache: initialized (class org.apache.velocity.runtime.resource.ResourceCacheImpl) with class java.util.Collections$SynchronizedMap cache map.
2022-05-24 14:01:52,232 - ResourceCache: initialized (class org.apache.velocity.runtime.resource.ResourceCacheImpl) with class java.util.Collections$SynchronizedMap cache map.
2022-05-24 14:01:52,233 - Loaded System Directive: org.apache.velocity.runtime.directive.Stop
2022-05-24 14:01:52,233 - Loaded System Directive: org.apache.velocity.runtime.directive.Stop
2022-05-24 14:01:52,233 - Loaded System Directive: org.apache.velocity.runtime.directive.Define
2022-05-24 14:01:52,233 - Loaded System Directive: org.apache.velocity.runtime.directive.Define
2022-05-24 14:01:52,233 - Loaded System Directive: org.apache.velocity.runtime.directive.Break
2022-05-24 14:01:52,233 - Loaded System Directive: org.apache.velocity.runtime.directive.Break
2022-05-24 14:01:52,233 - Loaded System Directive: org.apache.velocity.runtime.directive.Evaluate
2022-05-24 14:01:52,233 - Loaded System Directive: org.apache.velocity.runtime.directive.Evaluate
2022-05-24 14:01:52,233 - Loaded System Directive: org.apache.velocity.runtime.directive.Literal
2022-05-24 14:01:52,233 - Loaded System Directive: org.apache.velocity.runtime.directive.Literal
2022-05-24 14:01:52,233 - Loaded System Directive: org.apache.velocity.runtime.directive.Macro
2022-05-24 14:01:52,233 - Loaded System Directive: org.apache.velocity.runtime.directive.Macro
2022-05-24 14:01:52,233 - Loaded System Directive: org.apache.velocity.runtime.directive.Parse
2022-05-24 14:01:52,233 - Loaded System Directive: org.apache.velocity.runtime.directive.Parse
2022-05-24 14:01:52,233 - Loaded System Directive: org.apache.velocity.runtime.directive.Include
2022-05-24 14:01:52,233 - Loaded System Directive: org.apache.velocity.runtime.directive.Include
2022-05-24 14:01:52,233 - Loaded System Directive: org.apache.velocity.runtime.directive.Foreach
2022-05-24 14:01:52,233 - Loaded System Directive: org.apache.velocity.runtime.directive.Foreach
2022-05-24 14:01:52,234 - Created '20' parsers.
2022-05-24 14:01:52,234 - Created '20' parsers.
2022-05-24 14:01:52,234 - Velocimacro : "velocimacro.library" is not set.  Trying default library: VM_global_library.vm
2022-05-24 14:01:52,234 - Velocimacro : "velocimacro.library" is not set.  Trying default library: VM_global_library.vm
2022-05-24 14:01:52,234 - Could not load resource 'VM_global_library.vm' from ResourceLoader org.apache.velocity.runtime.resource.loader.ClasspathResourceLoader: ClasspathResourceLoader Error: cannot find resource VM_global_library.vm
2022-05-24 14:01:52,234 - Could not load resource 'VM_global_library.vm' from ResourceLoader org.apache.velocity.runtime.resource.loader.ClasspathResourceLoader: ClasspathResourceLoader Error: cannot find resource VM_global_library.vm
2022-05-24 14:01:52,234 - Velocimacro : Default library not found.
2022-05-24 14:01:52,234 - Velocimacro : Default library not found.
2022-05-24 14:01:52,234 - Velocimacro : allowInline = true : VMs can be defined inline in templates
2022-05-24 14:01:52,234 - Velocimacro : allowInline = true : VMs can be defined inline in templates
2022-05-24 14:01:52,234 - Velocimacro : allowInlineToOverride = false : VMs defined inline may NOT replace previous VM definitions
2022-05-24 14:01:52,234 - Velocimacro : allowInlineToOverride = false : VMs defined inline may NOT replace previous VM definitions
2022-05-24 14:01:52,234 - Velocimacro : allowInlineLocal = false : VMs defined inline will be global in scope if allowed.
2022-05-24 14:01:52,234 - Velocimacro : allowInlineLocal = false : VMs defined inline will be global in scope if allowed.
2022-05-24 14:01:52,234 - Velocimacro : autoload off : VM system will not automatically reload global library macros
2022-05-24 14:01:52,234 - Velocimacro : autoload off : VM system will not automatically reload global library macros
2022-05-24 14:01:52,253 - ResourceManager : found /service-implementation.java.vtl with loader org.apache.velocity.runtime.resource.loader.ClasspathResourceLoader
2022-05-24 14:01:52,253 - ResourceManager : found /service-implementation.java.vtl with loader org.apache.velocity.runtime.resource.loader.ClasspathResourceLoader
2022-05-24 14:03:19,861 - Log4JLogChute initialized using file 'velocity.log'
2022-05-24 14:03:19,861 - Initializing Velocity, Calling init()...
2022-05-24 14:03:19,861 - Starting Apache Velocity v1.7 (compiled: 2010-11-19 12:14:37)
2022-05-24 14:03:19,861 - Default Properties File: org\apache\velocity\runtime\defaults\velocity.properties
2022-05-24 14:03:19,861 - Trying to use logger class org.apache.velocity.runtime.log.AvalonLogChute
2022-05-24 14:03:19,861 - Target log system for org.apache.velocity.runtime.log.AvalonLogChute is not available (java.lang.NoClassDefFoundError: org/apache/log/format/Formatter).  Falling back to next log system...
2022-05-24 14:03:19,861 - Trying to use logger class org.apache.velocity.runtime.log.Log4JLogChute
2022-05-24 14:03:19,861 - Using logger class org.apache.velocity.runtime.log.Log4JLogChute
2022-05-24 14:03:19,863 - ResourceLoader instantiated: org.apache.velocity.runtime.resource.loader.ClasspathResourceLoader
2022-05-24 14:03:19,869 - ResourceCache: initialized (class org.apache.velocity.runtime.resource.ResourceCacheImpl) with class java.util.Collections$SynchronizedMap cache map.
2022-05-24 14:03:19,869 - Loaded System Directive: org.apache.velocity.runtime.directive.Stop
2022-05-24 14:03:19,870 - Loaded System Directive: org.apache.velocity.runtime.directive.Define
2022-05-24 14:03:19,870 - Loaded System Directive: org.apache.velocity.runtime.directive.Break
2022-05-24 14:03:19,871 - Loaded System Directive: org.apache.velocity.runtime.directive.Evaluate
2022-05-24 14:03:19,871 - Loaded System Directive: org.apache.velocity.runtime.directive.Literal
2022-05-24 14:03:19,871 - Loaded System Directive: org.apache.velocity.runtime.directive.Macro
2022-05-24 14:03:19,872 - Loaded System Directive: org.apache.velocity.runtime.directive.Parse
2022-05-24 14:03:19,873 - Loaded System Directive: org.apache.velocity.runtime.directive.Include
2022-05-24 14:03:19,873 - Loaded System Directive: org.apache.velocity.runtime.directive.Foreach
2022-05-24 14:03:19,887 - Created '20' parsers.
2022-05-24 14:03:19,889 - Velocimacro : "velocimacro.library" is not set.  Trying default library: VM_global_library.vm
2022-05-24 14:03:19,889 - Could not load resource 'VM_global_library.vm' from ResourceLoader org.apache.velocity.runtime.resource.loader.ClasspathResourceLoader: ClasspathResourceLoader Error: cannot find resource VM_global_library.vm
2022-05-24 14:03:19,889 - Velocimacro : Default library not found.
2022-05-24 14:03:19,889 - Velocimacro : allowInline = true : VMs can be defined inline in templates
2022-05-24 14:03:19,890 - Velocimacro : allowInlineToOverride = false : VMs defined inline may NOT replace previous VM definitions
2022-05-24 14:03:19,890 - Velocimacro : allowInlineLocal = false : VMs defined inline will be global in scope if allowed.
2022-05-24 14:03:19,890 - Velocimacro : autoload off : VM system will not automatically reload global library macros
2022-05-24 14:03:19,964 - ResourceManager : found /entity.java.vtl with loader org.apache.velocity.runtime.resource.loader.ClasspathResourceLoader
2022-05-24 14:03:19,968 - Left side ($field.flag) of '==' operation has null value. If it is a reference, it may not be in the context or its toString() returned null. /entity.java.vtl[line 32, column 19]
2022-05-24 14:03:19,968 - Left side ($field.flag) of '==' operation has null value. If it is a reference, it may not be in the context or its toString() returned null. /entity.java.vtl[line 34, column 23]
2022-05-24 14:03:19,970 - Log4JLogChute initialized using file 'velocity.log'
2022-05-24 14:03:19,970 - Log4JLogChute initialized using file 'velocity.log'
2022-05-24 14:03:19,970 - Initializing Velocity, Calling init()...
2022-05-24 14:03:19,970 - Initializing Velocity, Calling init()...
2022-05-24 14:03:19,970 - Starting Apache Velocity v1.7 (compiled: 2010-11-19 12:14:37)
2022-05-24 14:03:19,970 - Starting Apache Velocity v1.7 (compiled: 2010-11-19 12:14:37)
2022-05-24 14:03:19,970 - Default Properties File: org\apache\velocity\runtime\defaults\velocity.properties
2022-05-24 14:03:19,970 - Default Properties File: org\apache\velocity\runtime\defaults\velocity.properties
2022-05-24 14:03:19,970 - Trying to use logger class org.apache.velocity.runtime.log.AvalonLogChute
2022-05-24 14:03:19,970 - Trying to use logger class org.apache.velocity.runtime.log.AvalonLogChute
2022-05-24 14:03:19,970 - Target log system for org.apache.velocity.runtime.log.AvalonLogChute is not available (java.lang.NoClassDefFoundError: org/apache/log/format/Formatter).  Falling back to next log system...
2022-05-24 14:03:19,970 - Target log system for org.apache.velocity.runtime.log.AvalonLogChute is not available (java.lang.NoClassDefFoundError: org/apache/log/format/Formatter).  Falling back to next log system...
2022-05-24 14:03:19,970 - Trying to use logger class org.apache.velocity.runtime.log.Log4JLogChute
2022-05-24 14:03:19,970 - Trying to use logger class org.apache.velocity.runtime.log.Log4JLogChute
2022-05-24 14:03:19,970 - Using logger class org.apache.velocity.runtime.log.Log4JLogChute
2022-05-24 14:03:19,970 - Using logger class org.apache.velocity.runtime.log.Log4JLogChute
2022-05-24 14:03:19,970 - ResourceLoader instantiated: org.apache.velocity.runtime.resource.loader.ClasspathResourceLoader
2022-05-24 14:03:19,970 - ResourceLoader instantiated: org.apache.velocity.runtime.resource.loader.ClasspathResourceLoader
2022-05-24 14:03:19,970 - ResourceCache: initialized (class org.apache.velocity.runtime.resource.ResourceCacheImpl) with class java.util.Collections$SynchronizedMap cache map.
2022-05-24 14:03:19,970 - ResourceCache: initialized (class org.apache.velocity.runtime.resource.ResourceCacheImpl) with class java.util.Collections$SynchronizedMap cache map.
2022-05-24 14:03:19,970 - Loaded System Directive: org.apache.velocity.runtime.directive.Stop
2022-05-24 14:03:19,970 - Loaded System Directive: org.apache.velocity.runtime.directive.Stop
2022-05-24 14:03:19,971 - Loaded System Directive: org.apache.velocity.runtime.directive.Define
2022-05-24 14:03:19,971 - Loaded System Directive: org.apache.velocity.runtime.directive.Define
2022-05-24 14:03:19,971 - Loaded System Directive: org.apache.velocity.runtime.directive.Break
2022-05-24 14:03:19,971 - Loaded System Directive: org.apache.velocity.runtime.directive.Break
2022-05-24 14:03:19,971 - Loaded System Directive: org.apache.velocity.runtime.directive.Evaluate
2022-05-24 14:03:19,971 - Loaded System Directive: org.apache.velocity.runtime.directive.Evaluate
2022-05-24 14:03:19,971 - Loaded System Directive: org.apache.velocity.runtime.directive.Literal
2022-05-24 14:03:19,971 - Loaded System Directive: org.apache.velocity.runtime.directive.Literal
2022-05-24 14:03:19,971 - Loaded System Directive: org.apache.velocity.runtime.directive.Macro
2022-05-24 14:03:19,971 - Loaded System Directive: org.apache.velocity.runtime.directive.Macro
2022-05-24 14:03:19,971 - Loaded System Directive: org.apache.velocity.runtime.directive.Parse
2022-05-24 14:03:19,971 - Loaded System Directive: org.apache.velocity.runtime.directive.Parse
2022-05-24 14:03:19,971 - Loaded System Directive: org.apache.velocity.runtime.directive.Include
2022-05-24 14:03:19,971 - Loaded System Directive: org.apache.velocity.runtime.directive.Include
2022-05-24 14:03:19,971 - Loaded System Directive: org.apache.velocity.runtime.directive.Foreach
2022-05-24 14:03:19,971 - Loaded System Directive: org.apache.velocity.runtime.directive.Foreach
2022-05-24 14:03:19,972 - Created '20' parsers.
2022-05-24 14:03:19,972 - Created '20' parsers.
2022-05-24 14:03:19,972 - Velocimacro : "velocimacro.library" is not set.  Trying default library: VM_global_library.vm
2022-05-24 14:03:19,972 - Velocimacro : "velocimacro.library" is not set.  Trying default library: VM_global_library.vm
2022-05-24 14:03:19,972 - Could not load resource 'VM_global_library.vm' from ResourceLoader org.apache.velocity.runtime.resource.loader.ClasspathResourceLoader: ClasspathResourceLoader Error: cannot find resource VM_global_library.vm
2022-05-24 14:03:19,972 - Could not load resource 'VM_global_library.vm' from ResourceLoader org.apache.velocity.runtime.resource.loader.ClasspathResourceLoader: ClasspathResourceLoader Error: cannot find resource VM_global_library.vm
2022-05-24 14:03:19,972 - Velocimacro : Default library not found.
2022-05-24 14:03:19,972 - Velocimacro : Default library not found.
2022-05-24 14:03:19,972 - Velocimacro : allowInline = true : VMs can be defined inline in templates
2022-05-24 14:03:19,972 - Velocimacro : allowInline = true : VMs can be defined inline in templates
2022-05-24 14:03:19,972 - Velocimacro : allowInlineToOverride = false : VMs defined inline may NOT replace previous VM definitions
2022-05-24 14:03:19,972 - Velocimacro : allowInlineToOverride = false : VMs defined inline may NOT replace previous VM definitions
2022-05-24 14:03:19,972 - Velocimacro : allowInlineLocal = false : VMs defined inline will be global in scope if allowed.
2022-05-24 14:03:19,972 - Velocimacro : allowInlineLocal = false : VMs defined inline will be global in scope if allowed.
2022-05-24 14:03:19,972 - Velocimacro : autoload off : VM system will not automatically reload global library macros
2022-05-24 14:03:19,972 - Velocimacro : autoload off : VM system will not automatically reload global library macros
2022-05-24 14:03:19,991 - ResourceManager : found /service-implementation.java.vtl with loader org.apache.velocity.runtime.resource.loader.ClasspathResourceLoader
2022-05-24 14:03:19,991 - ResourceManager : found /service-implementation.java.vtl with loader org.apache.velocity.runtime.resource.loader.ClasspathResourceLoader
2022-05-24 14:16:48,329 - Log4JLogChute initialized using file 'velocity.log'
2022-05-24 14:16:48,329 - Initializing Velocity, Calling init()...
2022-05-24 14:16:48,329 - Starting Apache Velocity v1.7 (compiled: 2010-11-19 12:14:37)
2022-05-24 14:16:48,329 - Default Properties File: org\apache\velocity\runtime\defaults\velocity.properties
2022-05-24 14:16:48,329 - Trying to use logger class org.apache.velocity.runtime.log.AvalonLogChute
2022-05-24 14:16:48,329 - Target log system for org.apache.velocity.runtime.log.AvalonLogChute is not available (java.lang.NoClassDefFoundError: org/apache/log/format/Formatter).  Falling back to next log system...
2022-05-24 14:16:48,329 - Trying to use logger class org.apache.velocity.runtime.log.Log4JLogChute
2022-05-24 14:16:48,329 - Using logger class org.apache.velocity.runtime.log.Log4JLogChute
2022-05-24 14:16:48,331 - ResourceLoader instantiated: org.apache.velocity.runtime.resource.loader.ClasspathResourceLoader
2022-05-24 14:16:48,337 - ResourceCache: initialized (class org.apache.velocity.runtime.resource.ResourceCacheImpl) with class java.util.Collections$SynchronizedMap cache map.
2022-05-24 14:16:48,337 - Loaded System Directive: org.apache.velocity.runtime.directive.Stop
2022-05-24 14:16:48,338 - Loaded System Directive: org.apache.velocity.runtime.directive.Define
2022-05-24 14:16:48,338 - Loaded System Directive: org.apache.velocity.runtime.directive.Break
2022-05-24 14:16:48,338 - Loaded System Directive: org.apache.velocity.runtime.directive.Evaluate
2022-05-24 14:16:48,339 - Loaded System Directive: org.apache.velocity.runtime.directive.Literal
2022-05-24 14:16:48,339 - Loaded System Directive: org.apache.velocity.runtime.directive.Macro
2022-05-24 14:16:48,340 - Loaded System Directive: org.apache.velocity.runtime.directive.Parse
2022-05-24 14:16:48,341 - Loaded System Directive: org.apache.velocity.runtime.directive.Include
2022-05-24 14:16:48,341 - Loaded System Directive: org.apache.velocity.runtime.directive.Foreach
2022-05-24 14:16:48,358 - Created '20' parsers.
2022-05-24 14:16:48,360 - Velocimacro : "velocimacro.library" is not set.  Trying default library: VM_global_library.vm
2022-05-24 14:16:48,360 - Could not load resource 'VM_global_library.vm' from ResourceLoader org.apache.velocity.runtime.resource.loader.ClasspathResourceLoader: ClasspathResourceLoader Error: cannot find resource VM_global_library.vm
2022-05-24 14:16:48,360 - Velocimacro : Default library not found.
2022-05-24 14:16:48,360 - Velocimacro : allowInline = true : VMs can be defined inline in templates
2022-05-24 14:16:48,360 - Velocimacro : allowInlineToOverride = false : VMs defined inline may NOT replace previous VM definitions
2022-05-24 14:16:48,360 - Velocimacro : allowInlineLocal = false : VMs defined inline will be global in scope if allowed.
2022-05-24 14:16:48,360 - Velocimacro : autoload off : VM system will not automatically reload global library macros
2022-05-24 14:16:48,440 - ResourceManager : found /entity.java.vtl with loader org.apache.velocity.runtime.resource.loader.ClasspathResourceLoader
2022-05-24 14:16:48,443 - Left side ($field.flag) of '==' operation has null value. If it is a reference, it may not be in the context or its toString() returned null. /entity.java.vtl[line 32, column 19]
2022-05-24 14:16:48,443 - Left side ($field.flag) of '==' operation has null value. If it is a reference, it may not be in the context or its toString() returned null. /entity.java.vtl[line 34, column 23]
2022-05-24 14:16:48,446 - Log4JLogChute initialized using file 'velocity.log'
2022-05-24 14:16:48,446 - Log4JLogChute initialized using file 'velocity.log'
2022-05-24 14:16:48,446 - Initializing Velocity, Calling init()...
2022-05-24 14:16:48,446 - Initializing Velocity, Calling init()...
2022-05-24 14:16:48,446 - Starting Apache Velocity v1.7 (compiled: 2010-11-19 12:14:37)
2022-05-24 14:16:48,446 - Starting Apache Velocity v1.7 (compiled: 2010-11-19 12:14:37)
2022-05-24 14:16:48,446 - Default Properties File: org\apache\velocity\runtime\defaults\velocity.properties
2022-05-24 14:16:48,446 - Default Properties File: org\apache\velocity\runtime\defaults\velocity.properties
2022-05-24 14:16:48,446 - Trying to use logger class org.apache.velocity.runtime.log.AvalonLogChute
2022-05-24 14:16:48,446 - Trying to use logger class org.apache.velocity.runtime.log.AvalonLogChute
2022-05-24 14:16:48,446 - Target log system for org.apache.velocity.runtime.log.AvalonLogChute is not available (java.lang.NoClassDefFoundError: org/apache/log/format/Formatter).  Falling back to next log system...
2022-05-24 14:16:48,446 - Target log system for org.apache.velocity.runtime.log.AvalonLogChute is not available (java.lang.NoClassDefFoundError: org/apache/log/format/Formatter).  Falling back to next log system...
2022-05-24 14:16:48,446 - Trying to use logger class org.apache.velocity.runtime.log.Log4JLogChute
2022-05-24 14:16:48,446 - Trying to use logger class org.apache.velocity.runtime.log.Log4JLogChute
2022-05-24 14:16:48,446 - Using logger class org.apache.velocity.runtime.log.Log4JLogChute
2022-05-24 14:16:48,446 - Using logger class org.apache.velocity.runtime.log.Log4JLogChute
2022-05-24 14:16:48,446 - ResourceLoader instantiated: org.apache.velocity.runtime.resource.loader.ClasspathResourceLoader
2022-05-24 14:16:48,446 - ResourceLoader instantiated: org.apache.velocity.runtime.resource.loader.ClasspathResourceLoader
2022-05-24 14:16:48,446 - ResourceCache: initialized (class org.apache.velocity.runtime.resource.ResourceCacheImpl) with class java.util.Collections$SynchronizedMap cache map.
2022-05-24 14:16:48,446 - ResourceCache: initialized (class org.apache.velocity.runtime.resource.ResourceCacheImpl) with class java.util.Collections$SynchronizedMap cache map.
2022-05-24 14:16:48,446 - Loaded System Directive: org.apache.velocity.runtime.directive.Stop
2022-05-24 14:16:48,446 - Loaded System Directive: org.apache.velocity.runtime.directive.Stop
2022-05-24 14:16:48,446 - Loaded System Directive: org.apache.velocity.runtime.directive.Define
2022-05-24 14:16:48,446 - Loaded System Directive: org.apache.velocity.runtime.directive.Define
2022-05-24 14:16:48,446 - Loaded System Directive: org.apache.velocity.runtime.directive.Break
2022-05-24 14:16:48,446 - Loaded System Directive: org.apache.velocity.runtime.directive.Break
2022-05-24 14:16:48,446 - Loaded System Directive: org.apache.velocity.runtime.directive.Evaluate
2022-05-24 14:16:48,446 - Loaded System Directive: org.apache.velocity.runtime.directive.Evaluate
2022-05-24 14:16:48,446 - Loaded System Directive: org.apache.velocity.runtime.directive.Literal
2022-05-24 14:16:48,446 - Loaded System Directive: org.apache.velocity.runtime.directive.Literal
2022-05-24 14:16:48,446 - Loaded System Directive: org.apache.velocity.runtime.directive.Macro
2022-05-24 14:16:48,446 - Loaded System Directive: org.apache.velocity.runtime.directive.Macro
2022-05-24 14:16:48,446 - Loaded System Directive: org.apache.velocity.runtime.directive.Parse
2022-05-24 14:16:48,446 - Loaded System Directive: org.apache.velocity.runtime.directive.Parse
2022-05-24 14:16:48,447 - Loaded System Directive: org.apache.velocity.runtime.directive.Include
2022-05-24 14:16:48,447 - Loaded System Directive: org.apache.velocity.runtime.directive.Include
2022-05-24 14:16:48,447 - Loaded System Directive: org.apache.velocity.runtime.directive.Foreach
2022-05-24 14:16:48,447 - Loaded System Directive: org.apache.velocity.runtime.directive.Foreach
2022-05-24 14:16:48,447 - Created '20' parsers.
2022-05-24 14:16:48,447 - Created '20' parsers.
2022-05-24 14:16:48,447 - Velocimacro : "velocimacro.library" is not set.  Trying default library: VM_global_library.vm
2022-05-24 14:16:48,447 - Velocimacro : "velocimacro.library" is not set.  Trying default library: VM_global_library.vm
2022-05-24 14:16:48,448 - Could not load resource 'VM_global_library.vm' from ResourceLoader org.apache.velocity.runtime.resource.loader.ClasspathResourceLoader: ClasspathResourceLoader Error: cannot find resource VM_global_library.vm
2022-05-24 14:16:48,448 - Could not load resource 'VM_global_library.vm' from ResourceLoader org.apache.velocity.runtime.resource.loader.ClasspathResourceLoader: ClasspathResourceLoader Error: cannot find resource VM_global_library.vm
2022-05-24 14:16:48,448 - Velocimacro : Default library not found.
2022-05-24 14:16:48,448 - Velocimacro : Default library not found.
2022-05-24 14:16:48,448 - Velocimacro : allowInline = true : VMs can be defined inline in templates
2022-05-24 14:16:48,448 - Velocimacro : allowInline = true : VMs can be defined inline in templates
2022-05-24 14:16:48,448 - Velocimacro : allowInlineToOverride = false : VMs defined inline may NOT replace previous VM definitions
2022-05-24 14:16:48,448 - Velocimacro : allowInlineToOverride = false : VMs defined inline may NOT replace previous VM definitions
2022-05-24 14:16:48,448 - Velocimacro : allowInlineLocal = false : VMs defined inline will be global in scope if allowed.
2022-05-24 14:16:48,448 - Velocimacro : allowInlineLocal = false : VMs defined inline will be global in scope if allowed.
2022-05-24 14:16:48,448 - Velocimacro : autoload off : VM system will not automatically reload global library macros
2022-05-24 14:16:48,448 - Velocimacro : autoload off : VM system will not automatically reload global library macros
2022-05-24 14:16:48,467 - ResourceManager : found /service-implementation.java.vtl with loader org.apache.velocity.runtime.resource.loader.ClasspathResourceLoader
2022-05-24 14:16:48,467 - ResourceManager : found /service-implementation.java.vtl with loader org.apache.velocity.runtime.resource.loader.ClasspathResourceLoader
